2023-12-11 10:08:19,465 p=27955 u=a4puser n=ansible | PLAY [Log output] *************************************************************************************************************************************************************************************************
2023-12-11 10:08:19,473 p=27955 u=a4puser n=ansible | TASK [Run the first task] *****************************************************************************************************************************************************************************************
2023-12-11 10:08:19,488 p=27955 u=a4puser n=ansible | ok: [local_node] => {
    "msg": "This is the first task."
}
2023-12-11 10:08:19,490 p=27955 u=a4puser n=ansible | TASK [Run a secret task] ******************************************************************************************************************************************************************************************
2023-12-11 10:08:19,502 p=27955 u=a4puser n=ansible | ok: [local_node]
2023-12-11 10:08:19,506 p=27955 u=a4puser n=ansible | TASK [Run the last task] ******************************************************************************************************************************************************************************************
2023-12-11 10:08:19,521 p=27955 u=a4puser n=ansible | ok: [local_node] => {
    "msg": "This is the last task."
}
2023-12-11 10:08:19,537 p=27955 u=a4puser n=ansible | PLAY RECAP ********************************************************************************************************************************************************************************************************
2023-12-11 10:08:19,537 p=27955 u=a4puser n=ansible | local_node                 : ok=3    changed=0    unreachable=0    failed=0    skipped=0    rescued=0    ignored=0   
2023-12-11 10:08:30,813 p=27987 u=a4puser n=ansible | Using /home/a4puser/a4p/ansible.cfg as config file
2023-12-11 10:08:30,969 p=27987 u=a4puser n=ansible | PLAY [Log output] *************************************************************************************************************************************************************************************************
2023-12-11 10:08:30,977 p=27987 u=a4puser n=ansible | TASK [Run the first task] *****************************************************************************************************************************************************************************************
2023-12-11 10:08:30,992 p=27987 u=a4puser n=ansible | ok: [local_node] => {
    "msg": "This is the first task."
}
2023-12-11 10:08:30,996 p=27987 u=a4puser n=ansible | TASK [Run a secret task] ******************************************************************************************************************************************************************************************
2023-12-11 10:08:31,010 p=27987 u=a4puser n=ansible | ok: [local_node] => {"censored": "the output has been hidden due to the fact that 'no_log: true' was specified for this result"}
2023-12-11 10:08:31,012 p=27987 u=a4puser n=ansible | TASK [Run the last task] ******************************************************************************************************************************************************************************************
2023-12-11 10:08:31,025 p=27987 u=a4puser n=ansible | ok: [local_node] => {
    "msg": "This is the last task."
}
2023-12-11 10:08:31,038 p=27987 u=a4puser n=ansible | PLAY RECAP ********************************************************************************************************************************************************************************************************
2023-12-11 10:08:31,038 p=27987 u=a4puser n=ansible | local_node                 : ok=3    changed=0    unreachable=0    failed=0    skipped=0    rescued=0    ignored=0   
